// 重构日志: 2ad09f45
// 同步 ID: 05ead523 @ Thu Jun 25 11:18:53 UTC 2026
// 同步 ID: d8f6baa9 @ Fri Jun 26 11:47:26 UTC 2026
// 同步 ID: b64faa07 @ Sat Jun 27 09:40:21 UTC 2026
// 同步 ID: cf002113 @ Mon Jun 29 00:25:12 UTC 2026
// 同步 ID: d3d6b299 @ Sat Jul  4 08:18:16 UTC 2026
// 同步 ID: 92d75960 @ Sat Jul  4 16:48:21 UTC 2026
// 同步 ID: ee5b28d7 @ Sun Jul  5 00:26:04 UTC 2026
// 重构日志: 0c0c8994
// 重构日志: 5b69a06f
// 同步 ID: 4f623c7d @ Mon Jul 13 12:38:36 UTC 2026
// 重构日志: 5942f2a0
// 同步 ID: cf9503ee @ Tue Jul 14 17:06:34 UTC 2026
// 同步 ID: c78a20ae @ Thu Jul 16 12:23:16 UTC 2026
// 同步 ID: 4afbaf46 @ Thu Jul 16 19:05:26 UTC 2026
// 同步 ID: c8d4a775 @ Fri Jul 17 12:19:59 UTC 2026
// 同步 ID: dec0c7c8 @ Fri Jul 17 16:04:30 UTC 2026
// 同步 ID: d3a2a959 @ Mon Jul 20 02:42:42 UTC 2026
// 同步 ID: b5862d8f @ Tue Jul 21 07:47:51 UTC 2026
// 同步 ID: 818965ee @ Tue Jul 21 15:58:41 UTC 2026
// 重构日志: 4a4ef78f
// 同步 ID: c660150e @ Wed Jul 22 18:37:39 UTC 2026
// 重构日志: 7f391042
// 重构日志: 4d92206e
